terminal ERROR_0 = 0
terminal INDIRECT_1 = 9
terminal INDIRECT_4 = 10
terminal INDIRECT_8 = 11
terminal LEA_1 = 17
terminal LEA_4 = 18
terminal LEA_8 = 19
terminal ADD_1 = 25
terminal ADD_4 = 26
terminal ADD_8 = 27
terminal ADD2_1 = 29
terminal ADD2_4 = 30
terminal ADD2_8 = 31
terminal SUB_1 = 33
terminal SUB_4 = 34
terminal SUB_8 = 35
terminal SUB2_1 = 37
terminal SUB2_4 = 38
terminal SUB2_8 = 39
terminal SUBR_1 = 41
terminal SUBR_4 = 42
terminal SUBR_8 = 43
terminal SUBR2_1 = 45
terminal SUBR2_4 = 46
terminal SUBR2_8 = 47
terminal MUL_1 = 49
terminal MUL_4 = 50
terminal MUL_8 = 51
terminal MUL2_1 = 53
terminal MUL2_4 = 54
terminal MUL2_8 = 55
terminal DIV_1 = 57
terminal DIV_4 = 58
terminal DIV_8 = 59
terminal DIV2_1 = 61
terminal DIV2_4 = 62
terminal DIV2_8 = 63
terminal DIVR_1 = 65
terminal DIVR_4 = 66
terminal DIVR_8 = 67
terminal DIVR2_1 = 69
terminal DIVR2_4 = 70
terminal DIVR2_8 = 71
terminal MOD_1 = 73
terminal MOD_4 = 74
terminal MOD_8 = 75
terminal MOD2_1 = 77
terminal MOD2_4 = 78
terminal MOD2_8 = 79
terminal SHL_1 = 81
terminal SHL_4 = 82
terminal SHL_8 = 83
terminal SHL2_1 = 85
terminal SHL2_4 = 86
terminal SHL2_8 = 87
terminal SHAR_1 = 89
terminal SHAR_4 = 90
terminal SHAR_8 = 91
terminal SHAR2_1 = 93
terminal SHAR2_4 = 94
terminal SHAR2_8 = 95
terminal EQ_1 = 97
terminal EQ_4 = 98
terminal EQ_8 = 99
terminal EQ2_1 = 101
terminal EQ2_4 = 102
terminal EQ2_8 = 103
terminal NE_1 = 105
terminal NE_4 = 106
terminal NE_8 = 107
terminal NE2_1 = 109
terminal NE2_4 = 110
terminal NE2_8 = 111
terminal GT_1 = 113
terminal GT_4 = 114
terminal GT_8 = 115
terminal GT2_1 = 117
terminal GT2_4 = 118
terminal GT2_8 = 119
terminal LT_1 = 121
terminal LT_4 = 122
terminal LT_8 = 123
terminal LT2_1 = 125
terminal LT2_4 = 126
terminal LT2_8 = 127
terminal GE_1 = 129
terminal GE_4 = 130
terminal GE_8 = 131
terminal GE2_1 = 133
terminal GE2_4 = 134
terminal GE2_8 = 135
terminal LE_1 = 137
terminal LE_4 = 138
terminal LE_8 = 139
terminal LE2_1 = 141
terminal LE2_4 = 142
terminal LE2_8 = 143
terminal GTU_1 = 145
terminal GTU_4 = 146
terminal GTU_8 = 147
terminal GTU2_1 = 149
terminal GTU2_4 = 150
terminal GTU2_8 = 151
terminal LTU_1 = 153
terminal LTU_4 = 154
terminal LTU_8 = 155
terminal LTU2_1 = 157
terminal LTU2_4 = 158
terminal LTU2_8 = 159
terminal GEU_1 = 161
terminal GEU_4 = 162
terminal GEU_8 = 163
terminal GEU2_1 = 165
terminal GEU2_4 = 166
terminal GEU2_8 = 167
terminal LEU_1 = 169
terminal LEU_4 = 170
terminal LEU_8 = 171
terminal LEU2_1 = 173
terminal LEU2_4 = 174
terminal LEU2_8 = 175
terminal AND_1 = 177
terminal AND_4 = 178
terminal AND_8 = 179
terminal AND2_1 = 181
terminal AND2_4 = 182
terminal AND2_8 = 183
terminal OR_1 = 185
terminal OR_4 = 186
terminal OR_8 = 187
terminal OR2_1 = 189
terminal OR2_4 = 190
terminal OR2_8 = 191
terminal XOR_1 = 193
terminal XOR_4 = 194
terminal XOR_8 = 195
terminal XOR2_1 = 197
terminal XOR2_4 = 198
terminal XOR2_8 = 199
terminal NOT_1 = 201
terminal NOT_4 = 202
terminal NOT_8 = 203
terminal NOT2_1 = 205
terminal NOT2_4 = 206
terminal NOT2_8 = 207
terminal NEG_1 = 209
terminal NEG_4 = 210
terminal NEG_8 = 211
terminal NEG2_1 = 213
terminal NEG2_4 = 214
terminal NEG2_8 = 215
terminal ELIGIBLE_CSE_1 = 217
terminal ELIGIBLE_CSE_4 = 218
terminal ELIGIBLE_CSE_8 = 219
terminal CSE_1 = 225
terminal CSE_4 = 226
terminal CSE_8 = 227
terminal NOP_0 = 232
terminal COMMENT_0 = 240
terminal DUMMY_0 = 248
terminal OBJ_EQ_0 = 256
terminal OBJ_EQ2_0 = 260
terminal OBJ_NE_0 = 264
terminal OBJ_NE2_0 = 268
terminal BOUNDS_L_0 = 272
terminal BOUNDS_0 = 280
terminal BOUNDS_R_0 = 288
terminal LOCAL_1 = 297
terminal LOCAL_4 = 298
terminal LOCAL_8 = 299
terminal RLOCAL_1 = 305
terminal RLOCAL_4 = 306
terminal RLOCAL_8 = 307
terminal INSTANCE_1 = 313
terminal INSTANCE_4 = 314
terminal INSTANCE_8 = 315
terminal EXTERN_0 = 320
terminal GLOBAL_1 = 329
terminal GLOBAL_4 = 330
terminal GLOBAL_8 = 331
terminal LABEL_0 = 336
terminal DLABEL_0 = 344
terminal CAST_FROM1_4 = 354
terminal CAST_FROM1_8 = 355
terminal CAST_FROM11_4 = 358
terminal CAST_FROM11_8 = 359
terminal CAST_FROM4_1 = 361
terminal CAST_FROM4_4 = 362
terminal CAST_FROM4_8 = 363
terminal CAST_FROM41_1 = 365
terminal CAST_FROM41_4 = 366
terminal CAST_FROM41_8 = 367
terminal CAST_FROM8_1 = 369
terminal CAST_FROM8_4 = 370
terminal CAST_FROM81_1 = 373
terminal CAST_FROM81_4 = 374
terminal TREAT_AS_1 = 377
terminal TREAT_AS_4 = 378
terminal TREAT_AS_8 = 379
terminal TREAT_AS1_1 = 381
terminal TREAT_AS1_4 = 382
terminal TREAT_AS1_8 = 383
terminal CAST_CHECK_0 = 384
terminal CAST_CHECK1_0 = 388
terminal THIS_0 = 392
terminal FRAME_0 = 400
terminal CONST_1 = 409
terminal CONST_4 = 410
terminal CONST_8 = 411
terminal CONST_STR_0 = 416
terminal CONST_CSTR_0 = 424
terminal BOX_0 = 432
terminal  BOOL_OR_0 = 440
terminal  BOOL_OR_4 = 442
terminal  BOOL_OR_8 = 443
terminal BOOL_AND_1 = 449
terminal BOOL_AND_4 = 450
terminal BOOL_AND_8 = 451
terminal BOOL_NOT_1 = 457
terminal BOOL_NOT_4 = 458
terminal BOOL_NOT_8 = 459
terminal STORE_THIS_0 = 464
terminal SAVE_THIS_0 = 472
terminal RESTORE_THIS_0 = 480
terminal CALL_0 = 488
terminal STATIC_CALL_0 = 496
terminal DYNAMIC_CALL_0 = 504
terminal STATIC_DYNAMIC_CALL_0 = 512
terminal STATIC_CALL_DISCARD_0 = 520
terminal DYNAMIC_CALL_DISCARD_0 = 528
terminal STATIC_DYNAMIC_CALL_DISCARD_0 = 536
terminal NEW_0 = 544
terminal NEW_FINALIZE_0 = 552
terminal NEW_ARRAY_0 = 560
terminal NEW_OBJ_ARRAY_0 = 568
terminal PAIR_1 = 577
terminal PAIR_4 = 578
terminal PAIR_8 = 579
terminal PUSH_1 = 585
terminal PUSH_4 = 586
terminal PUSH_8 = 587
terminal POP_1 = 593
terminal POP_4 = 594
terminal POP_8 = 595
terminal RET_0 = 600
terminal STORE_1 = 609
terminal STORE_4 = 610
terminal STORE_8 = 611
terminal THROW_1 = 617
terminal THROW_4 = 618
terminal THROW_8 = 619
terminal TRY_0 = 624
terminal START_CATCH_0 = 632
terminal CATCH_0 = 640
terminal SUSPEND_CATCH_0 = 648
terminal END_FINALLY_0 = 656
terminal END_CATCH_0 = 664
terminal END_TRY_0 = 672
terminal COND_RETHROW_0 = 680
terminal COND_RETURN_0 = 688
terminal THROW_RETURN_1 = 697
terminal THROW_RETURN_4 = 698
terminal THROW_RETURN_8 = 699
terminal RETURN_RETHROW_0 = 704
terminal ADJUST_0 = 712
terminal PUSH_EBP_0 = 720
terminal SAVE_ALL_0 = 728
terminal RESTORE_ALL_0 = 736
terminal JUMP_0 = 744
terminal DUMMY_JUMP_0 = 752
terminal CMP_1 = 761
terminal CMP_4 = 762
terminal CMP_8 = 763
terminal CMP2_1 = 765
terminal CMP2_4 = 766
terminal CMP2_8 = 767
terminal DECBNN_1 = 769
terminal DECBNN_4 = 770
terminal DECBNN_8 = 771
terminal DECBNN1_1 = 773
terminal DECBNN1_4 = 774
terminal DECBNN1_8 = 775
terminal BRANCH_0 = 776
terminal BRANCH1_0 = 780
terminal BRANCHZ_1 = 785
terminal BRANCHZ_4 = 786
terminal BRANCHZ_8 = 787
terminal BRANCHZ1_1 = 789
terminal BRANCHZ1_4 = 790
terminal BRANCHZ1_8 = 791
terminal BRANCHNZ_1 = 793
terminal BRANCHNZ_4 = 794
terminal BRANCHNZ_8 = 795
terminal BRANCHNZ1_1 = 797
terminal BRANCHNZ1_4 = 798
terminal BRANCHNZ1_8 = 799
terminal JE_0 = 800
terminal JNE_0 = 808
terminal JG_0 = 816
terminal JL_0 = 824
terminal JGE_0 = 832
terminal JLE_0 = 840
terminal JGU_0 = 848
terminal JLU_0 = 856
terminal JGEU_0 = 864
terminal JLEU_0 = 872
terminal SETE_1 = 881
terminal SETNE_1 = 889
terminal SETG_1 = 897
terminal SETL_1 = 905
terminal SETGE_1 = 913
terminal SETLE_1 = 921
terminal SETGU_1 = 929
terminal SETLU_1 = 937
terminal SETGEU_1 = 945
terminal SETLEU_1 = 953
terminal RESERVE_0 = 960
terminal RELEASE_0 = 968
terminal ENTER_0 = 976
terminal LEAVE_0 = 984
terminal RESULT_1 = 993
terminal RESULT_4 = 994
terminal RESULT_8 = 995
terminal RESULT_F_0 = 1000
terminal ENTER_LOOP_0 = 1008
terminal LEAVE_LOOP_0 = 1016
terminal LINE_0 = 1024
terminal REG_VAR_1 = 1033
terminal REG_VAR_4 = 1034
terminal REG_VAR_8 = 1035
terminal REGISTER_1 = 1041
terminal REGISTER_4 = 1042
terminal REGISTER_8 = 1043
terminal TEMP_1 = 1049
terminal TEMP_4 = 1050
terminal TEMP_8 = 1051
terminal MEMORY_1 = 1057
terminal MEMORY_4 = 1058
terminal MEMORY_8 = 1059
terminal PARAM0_1 = 1065
terminal PARAM0_4 = 1066
terminal PARAM0_8 = 1067
terminal PARAM1_1 = 1073
terminal PARAM1_4 = 1074
terminal PARAM1_8 = 1075
terminal PARAM2_1 = 1081
terminal PARAM2_4 = 1082
terminal PARAM2_8 = 1083
terminal PARAM3_1 = 1089
terminal PARAM3_4 = 1090
terminal PARAM3_8 = 1091
terminal PARAM4_1 = 1097
terminal PARAM4_4 = 1098
terminal PARAM4_8 = 1099
terminal PARAM5_1 = 1105
terminal PARAM5_4 = 1106
terminal PARAM5_8 = 1107
terminal ARG0_1 = 1113
terminal ARG0_4 = 1114
terminal ARG0_8 = 1115
terminal ARG1_1 = 1121
terminal ARG1_4 = 1122
terminal ARG1_8 = 1123
terminal ARG2_1 = 1129
terminal ARG2_4 = 1130
terminal ARG2_8 = 1131
terminal ARG3_1 = 1137
terminal ARG3_4 = 1138
terminal ARG3_8 = 1139
terminal ARG4_1 = 1145
terminal ARG4_4 = 1146
terminal ARG4_8 = 1147
terminal ARG5_1 = 1153
terminal ARG5_4 = 1154
terminal ARG5_8 = 1155
terminal INIT_REG_VAR_0 = 1160
terminal SAVE_REG_VAR_0 = 1168
terminal RESTORE_REG_VAR_0 = 1176
terminal SEQ_1 = 1185
terminal SEQ_4 = 1186
terminal SEQ_8 = 1187
terminal LIST_0 = 1192
terminal COPY_1 = 1201
terminal COPY_4 = 1202
terminal COPY_8 = 1203
terminal STATIC_0 = 1208
terminal TEXT_0 = 1216
terminal DATA_0 = 1224
terminal RODATA_0 = 1232
terminal UNWIND_0 = 1240
terminal PUSHSEG_0 = 1248
terminal POPSEG_0 = 1256
terminal RELOC_0 = 1264
terminal DEFINT_1 = 1273
terminal DEFINT_4 = 1274
terminal DEFINT_8 = 1275
